Arguments: 
  E:\node\node.exe C:\Users\User\AppData\Roaming\npm\node_modules\yarn\bin\yarn.js add -D ts-code

PATH: 
  C:\Program Files (x86)\Intel\iCLS Client\;C:\Program Files\Intel\iCLS Client\;C:\Windows\system32;C:\Windows;C:\Windows\System32\Wbem;C:\Windows\System32\WindowsPowerShell\v1.0\;C:\Program Files\Intel\Intel(R) Management Engine Components\DAL;C:\Program Files\Intel\Intel(R) Management Engine Components\IPT;C:\Program Files (x86)\Intel\Intel(R) Management Engine Components\DAL;C:\Program Files (x86)\Intel\Intel(R) Management Engine Components\IPT;C:\Program Files (x86)\NVIDIA Corporation\PhysX\Common;C:\WINDOWS\system32;C:\WINDOWS;C:\WINDOWS\System32\Wbem;C:\WINDOWS\System32\WindowsPowerShell\v1.0\;C:\WINDOWS\System32\OpenSSH\;C:\Program Files\NVIDIA Corporation\NVIDIA NvDLISR;E:\node\;C:\Users\User\AppData\Local\Programs\Python\Python39\Scripts\;C:\Users\User\AppData\Local\Programs\Python\Python39\;C:\Users\User\AppData\Local\Microsoft\WindowsApps;E:\Google cloud platform\google-cloud-sdk\bin;E:\Microsoft VS Code\bin;C:\Users\User\AppData\Local\GitHubDesktop\bin;C:\Users\User\AppData\Roaming\npm

Yarn version: 
  1.22.10

Node version: 
  14.16.0

Platform: 
  win32 x64

Trace: 
  Error: https://registry.yarnpkg.com/ts-code: Not found
      at Request.params.callback [as _callback] (C:\Users\User\AppData\Roaming\npm\node_modules\yarn\lib\cli.js:66988:18)
      at Request.self.callback (C:\Users\User\AppData\Roaming\npm\node_modules\yarn\lib\cli.js:140662:22)
      at Request.emit (events.js:315:20)
      at Request.<anonymous> (C:\Users\User\AppData\Roaming\npm\node_modules\yarn\lib\cli.js:141634:10)
      at Request.emit (events.js:315:20)
      at IncomingMessage.<anonymous> (C:\Users\User\AppData\Roaming\npm\node_modules\yarn\lib\cli.js:141556:12)
      at Object.onceWrapper (events.js:421:28)
      at IncomingMessage.emit (events.js:327:22)
      at endReadableNT (internal/streams/readable.js:1327:12)
      at processTicksAndRejections (internal/process/task_queues.js:80:21)

npm manifest: 
  {
    "name": "server",
    "version": "1.0.0",
    "description": "",
    "main": "index.js",
    "scripts": {
      "start": "ts-node src/index.js"
    },
    "author": "Ming Sheng",
    "license": "ISC"
  }

yarn manifest: 
  No manifest

Lockfile: 
  No lockfile
